<?xml version="1.0" encoding="UTF-8"?>
<testng-results ignored="0" total="1" passed="1" failed="0" skipped="0">
  <reporter-output>
  </reporter-output>
  <suite started-at="2023-03-11T21:13:03 IST" name="Suite" finished-at="2023-03-11T21:13:10 IST" duration-ms="6374">
    <groups>
    </groups>
    <test started-at="2023-03-11T21:13:03 IST" name="Test" finished-at="2023-03-11T21:13:10 IST" duration-ms="6374">
      <class name="testcases.LaunchURL">
        <test-method signature="urlTest()[pri:0, instance:testcases.LaunchURL@383dc82c]" started-at="2023-03-11T21:13:03 IST" name="urlTest" finished-at="2023-03-11T21:13:10 IST" duration-ms="6312" status="PASS">
          <reporter-output>
          </reporter-output>
        </test-method> <!-- urlTest -->
      </class> <!-- testcases.LaunchURL -->
    </test> <!-- Test -->
  </suite> <!-- Suite -->
</testng-results>
