<?xml version="1.0" encoding="UTF-8"?>
<!-- Generated by org.testng.reporters.JUnitXMLReporter -->
<testsuite ignored="2" hostname="Vignesh" failures="0" tests="2" name="Test" time="6.556" errors="0" timestamp="2023-03-05T19:59:14 IST">
  <testcase classname="com.Automation.TestNGDemo.Selenium_Eg" name="bing" time="1.676"/>
  <testcase classname="com.Automation.TestNGDemo.Selenium_Eg" name="google" time="1.694"/>
  <testcase classname="com.Automation.TestNGDemo.Selenium_Eg" name="amazon" time="0.0">
    <ignored/>
  </testcase> <!-- amazon -->
  <testcase classname="com.Automation.TestNGDemo.Selenium_Eg" name="flipkart" time="0.0">
    <ignored/>
  </testcase> <!-- flipkart -->
</testsuite> <!-- Test -->
