<?xml version="1.0" encoding="UTF-8"?>
<!-- Generated by org.testng.reporters.JUnitXMLReporter -->
<testsuite ignored="5" hostname="Vignesh" failures="0" tests="2" name="Test" time="0.142" errors="0" timestamp="2023-03-04T21:46:11 IST">
  <testcase classname="com.Automation.TestNGDemo.Annotations_Eg" name="test1" time="0.014"/>
  <testcase classname="com.Automation.TestNGDemo.Assert_eg" name="Assert_Eg" time="0.005"/>
  <testcase classname="com.Automation.TestNGDemo.FirstTestNg" name="firtest" time="0.0">
    <ignored/>
  </testcase> <!-- firtest -->
  <testcase classname="com.Automation.TestNGDemo.FirstTestNg" name="firsttest" time="0.0">
    <ignored/>
  </testcase> <!-- firsttest -->
  <testcase classname="com.Automation.TestNGDemo.Annotations_Eg" name="test2" time="0.0">
    <ignored/>
  </testcase> <!-- test2 -->
  <testcase classname="com.Automation.TestNGDemo.Assert_eg" name="anyname_DependsOn_Eg" time="0.0">
    <ignored/>
  </testcase> <!-- anyname_DependsOn_Eg -->
  <testcase classname="com.Automation.TestNGDemo.FirstTestNg" name="helloWorld" time="0.0">
    <ignored/>
  </testcase> <!-- helloWorld -->
</testsuite> <!-- Test -->
