<?xml version="1.0" encoding="UTF-8"?>
<testng-results ignored="0" total="1" passed="1" failed="0" skipped="0">
  <reporter-output>
  </reporter-output>
  <suite started-at="2023-03-12T21:29:41 IST" name="Default suite" finished-at="2023-03-12T21:29:45 IST" duration-ms="3619">
    <groups>
    </groups>
    <test started-at="2023-03-12T21:29:41 IST" name="Default test" finished-at="2023-03-12T21:29:45 IST" duration-ms="3619">
      <class name="com.RestAssuredAPI.examples.firstGetRequest">
        <test-method signature="getRequest()[pri:0, instance:com.RestAssuredAPI.examples.firstGetRequest@33065d67]" started-at="2023-03-12T21:29:41 IST" name="getRequest" finished-at="2023-03-12T21:29:45 IST" duration-ms="3508" status="PASS">
          <reporter-output>
          </reporter-output>
        </test-method> <!-- getRequest -->
      </class> <!-- com.RestAssuredAPI.examples.firstGetRequest -->
    </test> <!-- Default test -->
  </suite> <!-- Default suite -->
</testng-results>
