<?xml version="1.0" encoding="UTF-8"?>
<!-- Generated by org.testng.reporters.JUnitXMLReporter -->
<testsuite ignored="0" hostname="Vignesh" failures="0" tests="4" name="Default test" time="17.415" errors="0" timestamp="2023-03-05T20:00:44 IST">
  <testcase classname="com.Automation.TestNGDemo.Selenium_Eg" name="amazon" time="1.839"/>
  <testcase classname="com.Automation.TestNGDemo.Selenium_Eg" name="bing" time="0.399"/>
  <testcase classname="com.Automation.TestNGDemo.Selenium_Eg" name="flipkart" time="2.409"/>
  <testcase classname="com.Automation.TestNGDemo.Selenium_Eg" name="google" time="1.182"/>
</testsuite> <!-- Default test -->
