<?xml version="1.0" encoding="UTF-8"?>
<testng-results ignored="0" total="4" passed="4" failed="0" skipped="0">
  <reporter-output>
  </reporter-output>
  <suite started-at="2023-03-05T20:00:27 IST" name="Default suite" finished-at="2023-03-05T20:00:44 IST" duration-ms="17415">
    <groups>
      <group name="searchengine">
        <method signature="Selenium_Eg.bing()[pri:0, instance:com.Automation.TestNGDemo.Selenium_Eg@1349883]" name="bing" class="com.Automation.TestNGDemo.Selenium_Eg"/>
        <method signature="Selenium_Eg.google()[pri:0, instance:com.Automation.TestNGDemo.Selenium_Eg@1349883]" name="google" class="com.Automation.TestNGDemo.Selenium_Eg"/>
      </group> <!-- searchengine -->
      <group name="ecommerce">
        <method signature="Selenium_Eg.amazon()[pri:0, instance:com.Automation.TestNGDemo.Selenium_Eg@1349883]" name="amazon" class="com.Automation.TestNGDemo.Selenium_Eg"/>
        <method signature="Selenium_Eg.flipkart()[pri:0, instance:com.Automation.TestNGDemo.Selenium_Eg@1349883]" name="flipkart" class="com.Automation.TestNGDemo.Selenium_Eg"/>
      </group> <!-- ecommerce -->
    </groups>
    <test started-at="2023-03-05T20:00:27 IST" name="Default test" finished-at="2023-03-05T20:00:44 IST" duration-ms="17415">
      <class name="com.Automation.TestNGDemo.Selenium_Eg">
        <test-method is-config="true" signature="initDriver()[pri:0, instance:com.Automation.TestNGDemo.Selenium_Eg@1349883]" started-at="2023-03-05T20:00:27 IST" name="initDriver" finished-at="2023-03-05T20:00:31 IST" duration-ms="3731" status="PASS">
          <reporter-output>
          </reporter-output>
        </test-method> <!-- initDriver -->
        <test-method signature="amazon()[pri:0, instance:com.Automation.TestNGDemo.Selenium_Eg@1349883]" started-at="2023-03-05T20:00:31 IST" name="amazon" finished-at="2023-03-05T20:00:32 IST" duration-ms="1839" status="PASS">
          <reporter-output>
          </reporter-output>
        </test-method> <!-- amazon -->
        <test-method is-config="true" signature="teardown()[pri:0, instance:com.Automation.TestNGDemo.Selenium_Eg@1349883]" started-at="2023-03-05T20:00:32 IST" name="teardown" finished-at="2023-03-05T20:00:33 IST" duration-ms="809" status="PASS">
          <reporter-output>
          </reporter-output>
        </test-method> <!-- teardown -->
        <test-method is-config="true" signature="initDriver()[pri:0, instance:com.Automation.TestNGDemo.Selenium_Eg@1349883]" started-at="2023-03-05T20:00:33 IST" name="initDriver" finished-at="2023-03-05T20:00:35 IST" duration-ms="1501" status="PASS">
          <reporter-output>
          </reporter-output>
        </test-method> <!-- initDriver -->
        <test-method signature="bing()[pri:0, instance:com.Automation.TestNGDemo.Selenium_Eg@1349883]" started-at="2023-03-05T20:00:35 IST" name="bing" finished-at="2023-03-05T20:00:35 IST" duration-ms="399" status="PASS">
          <reporter-output>
          </reporter-output>
        </test-method> <!-- bing -->
        <test-method is-config="true" signature="teardown()[pri:0, instance:com.Automation.TestNGDemo.Selenium_Eg@1349883]" started-at="2023-03-05T20:00:35 IST" name="teardown" finished-at="2023-03-05T20:00:36 IST" duration-ms="791" status="PASS">
          <reporter-output>
          </reporter-output>
        </test-method> <!-- teardown -->
        <test-method is-config="true" signature="initDriver()[pri:0, instance:com.Automation.TestNGDemo.Selenium_Eg@1349883]" started-at="2023-03-05T20:00:36 IST" name="initDriver" finished-at="2023-03-05T20:00:37 IST" duration-ms="1575" status="PASS">
          <reporter-output>
          </reporter-output>
        </test-method> <!-- initDriver -->
        <test-method signature="flipkart()[pri:0, instance:com.Automation.TestNGDemo.Selenium_Eg@1349883]" started-at="2023-03-05T20:00:37 IST" name="flipkart" finished-at="2023-03-05T20:00:40 IST" duration-ms="2409" status="PASS">
          <reporter-output>
          </reporter-output>
        </test-method> <!-- flipkart -->
        <test-method is-config="true" signature="teardown()[pri:0, instance:com.Automation.TestNGDemo.Selenium_Eg@1349883]" started-at="2023-03-05T20:00:40 IST" name="teardown" finished-at="2023-03-05T20:00:41 IST" duration-ms="868" status="PASS">
          <reporter-output>
          </reporter-output>
        </test-method> <!-- teardown -->
        <test-method is-config="true" signature="initDriver()[pri:0, instance:com.Automation.TestNGDemo.Selenium_Eg@1349883]" started-at="2023-03-05T20:00:41 IST" name="initDriver" finished-at="2023-03-05T20:00:42 IST" duration-ms="1402" status="PASS">
          <reporter-output>
          </reporter-output>
        </test-method> <!-- initDriver -->
        <test-method signature="google()[pri:0, instance:com.Automation.TestNGDemo.Selenium_Eg@1349883]" started-at="2023-03-05T20:00:42 IST" name="google" finished-at="2023-03-05T20:00:43 IST" duration-ms="1182" status="PASS">
          <reporter-output>
          </reporter-output>
        </test-method> <!-- google -->
        <test-method is-config="true" signature="teardown()[pri:0, instance:com.Automation.TestNGDemo.Selenium_Eg@1349883]" started-at="2023-03-05T20:00:43 IST" name="teardown" finished-at="2023-03-05T20:00:44 IST" duration-ms="777" status="PASS">
          <reporter-output>
          </reporter-output>
        </test-method> <!-- teardown -->
      </class> <!-- com.Automation.TestNGDemo.Selenium_Eg -->
    </test> <!-- Default test -->
  </suite> <!-- Default suite -->
</testng-results>
